[2026-04-13 14:55:49] ===== CRON STARTED =====
[2026-04-13 14:55:49] Processing Daily Cashback...
[2026-04-13 14:55:49] Daily Cashback Done
[2026-04-13 14:55:49] Processing Bonus 1...
[2026-04-13 14:55:49] Bonus 1 Done
[2026-04-13 14:55:49] Processing Bonus 2...
[2026-04-13 14:55:49] Bonus 2 Done
[2026-04-13 14:55:49] Processing Joining Bonus...
[2026-04-13 14:55:49] Joining Bonus Done
[2026-04-13 14:55:49] Assigning Badges...
[2026-04-13 14:55:49] Badges Assigned
[2026-04-13 14:55:49] ===== CRON COMPLETED SUCCESSFULLY =====
[2026-04-13 15:00:51] ===== CRON STARTED =====
[2026-04-13 15:00:51] Processing Daily Cashback...
[2026-04-13 15:00:51] Daily Cashback Done
[2026-04-13 15:00:51] Processing Bonus 1...
[2026-04-13 15:00:51] Bonus 1 Done
[2026-04-13 15:00:51] Processing Bonus 2...
[2026-04-13 15:00:51] Bonus 2 Done
[2026-04-13 15:00:51] Processing Joining Bonus...
[2026-04-13 15:00:51] Joining Bonus Done
[2026-04-13 15:00:51] Assigning Badges...
[2026-04-13 15:00:51] Badges Assigned
[2026-04-13 15:00:51] ===== CRON COMPLETED SUCCESSFULLY =====
[2026-04-13 21:26:56] ===== CRON STARTED =====
[2026-04-13 21:26:56] Processing Daily Cashback...
[2026-04-13 21:26:56] Daily Cashback Done
[2026-04-13 21:26:56] Processing Bonus 1...
[2026-04-13 21:26:56] Bonus 1 Done
[2026-04-13 21:26:56] Processing Bonus 2...
[2026-04-13 21:26:56] Bonus 2 Done
[2026-04-13 21:26:56] Processing Joining Bonus...
[2026-04-13 21:26:56] Joining Bonus Done
[2026-04-13 21:26:56] Assigning Badges...
[2026-04-13 21:26:56] Badges Assigned
[2026-04-13 21:26:56] ===== CRON COMPLETED SUCCESSFULLY =====
[2026-04-15 10:48:12] ===== CRON STARTED =====
[2026-04-15 10:48:12] Processing Daily Cashback...
[2026-04-15 10:48:12] Daily Cashback Done
[2026-04-15 10:48:12] Processing Bonus 1...
[2026-04-15 10:48:12] Bonus 1 Done
[2026-04-15 10:48:12] Processing Bonus 2...
[2026-04-15 10:48:12] Bonus 2 Done
[2026-04-15 10:48:12] Processing Joining Bonus...
[2026-04-15 10:48:12] Joining Bonus Done
[2026-04-15 10:48:12] Assigning Badges...
[2026-04-15 10:48:12] Badges Assigned
[2026-04-15 10:48:12] ===== CRON COMPLETED SUCCESSFULLY =====
[2026-04-15 10:48:15] ===== CRON STARTED =====
[2026-04-15 10:48:15] Processing Daily Cashback...
[2026-04-15 10:48:15] Daily Cashback Done
[2026-04-15 10:48:15] Processing Bonus 1...
[2026-04-15 10:48:15] Bonus 1 Done
[2026-04-15 10:48:15] Processing Bonus 2...
[2026-04-15 10:48:15] Bonus 2 Done
[2026-04-15 10:48:15] Processing Joining Bonus...
[2026-04-15 10:48:15] Joining Bonus Done
[2026-04-15 10:48:15] Assigning Badges...
[2026-04-15 10:48:15] Badges Assigned
[2026-04-15 10:48:15] ===== CRON COMPLETED SUCCESSFULLY =====
[2026-04-15 10:48:24] ===== CRON STARTED =====
[2026-04-15 10:48:24] Processing Daily Cashback...
[2026-04-15 10:48:24] Daily Cashback Done
[2026-04-15 10:48:24] Processing Bonus 1...
[2026-04-15 10:48:24] Bonus 1 Done
[2026-04-15 10:48:24] Processing Bonus 2...
[2026-04-15 10:48:24] Bonus 2 Done
[2026-04-15 10:48:24] Processing Joining Bonus...
[2026-04-15 10:48:24] Joining Bonus Done
[2026-04-15 10:48:24] Assigning Badges...
[2026-04-15 10:48:24] Badges Assigned
[2026-04-15 10:48:24] ===== CRON COMPLETED SUCCESSFULLY =====
[2026-04-15 10:48:51] ===== CRON STARTED =====
[2026-04-15 10:48:51] Processing Daily Cashback...
[2026-04-15 10:48:51] Daily Cashback Done
[2026-04-15 10:48:51] Processing Bonus 1...
[2026-04-15 10:48:51] Bonus 1 Done
[2026-04-15 10:48:51] Processing Bonus 2...
[2026-04-15 10:48:51] Bonus 2 Done
[2026-04-15 10:48:51] Processing Joining Bonus...
[2026-04-15 10:48:51] Joining Bonus Done
[2026-04-15 10:48:51] Assigning Badges...
[2026-04-15 10:48:51] Badges Assigned
[2026-04-15 10:48:51] ===== CRON COMPLETED SUCCESSFULLY =====
[2026-04-15 10:48:53] ===== CRON STARTED =====
[2026-04-15 10:48:53] Processing Daily Cashback...
[2026-04-15 10:48:53] Daily Cashback Done
[2026-04-15 10:48:53] Processing Bonus 1...
[2026-04-15 10:48:53] Bonus 1 Done
[2026-04-15 10:48:53] Processing Bonus 2...
[2026-04-15 10:48:53] Bonus 2 Done
[2026-04-15 10:48:53] Processing Joining Bonus...
[2026-04-15 10:48:53] Joining Bonus Done
[2026-04-15 10:48:53] Assigning Badges...
[2026-04-15 10:48:53] Badges Assigned
[2026-04-15 10:48:53] ===== CRON COMPLETED SUCCESSFULLY =====
[2026-04-15 10:49:11] ===== CRON STARTED =====
[2026-04-15 10:49:11] Processing Daily Cashback...
[2026-04-15 10:49:11] Daily Cashback Done
[2026-04-15 10:49:11] Processing Bonus 1...
[2026-04-15 10:49:11] Bonus 1 Done
[2026-04-15 10:49:11] Processing Bonus 2...
[2026-04-15 10:49:11] Bonus 2 Done
[2026-04-15 10:49:11] Processing Joining Bonus...
[2026-04-15 10:49:11] Joining Bonus Done
[2026-04-15 10:49:11] Assigning Badges...
[2026-04-15 10:49:11] Badges Assigned
[2026-04-15 10:49:11] ===== CRON COMPLETED SUCCESSFULLY =====
[2026-04-15 11:33:32] ===== CRON STARTED =====
[2026-04-15 11:33:32] Processing Daily Cashback...
[2026-04-15 11:33:32] Daily Cashback Done
[2026-04-15 11:33:32] Processing Bonus 1...
[2026-04-15 11:33:32] Bonus 1 Done
[2026-04-15 11:33:32] Processing Bonus 2...
[2026-04-15 11:33:32] Bonus 2 Done
[2026-04-15 11:33:32] Processing Joining Bonus...
[2026-04-15 11:33:32] Joining Bonus Done
[2026-04-15 11:33:32] Assigning Badges...
[2026-04-15 11:33:32] Badges Assigned
[2026-04-15 11:33:32] ===== CRON COMPLETED SUCCESSFULLY =====
[2026-04-15 11:40:29] ===== CRON STARTED =====
[2026-04-15 11:40:29] Processing Daily Cashback...
[2026-04-15 11:40:29] Daily Cashback Done
[2026-04-15 11:40:29] Processing Bonus 1...
[2026-04-15 11:40:29] Bonus 1 Done
[2026-04-15 11:40:29] Processing Bonus 2...
[2026-04-15 11:40:29] Bonus 2 Done
[2026-04-15 11:40:29] Processing Joining Bonus...
[2026-04-15 11:40:29] Joining Bonus Done
[2026-04-15 11:40:29] Assigning Badges...
[2026-04-15 11:40:29] Badges Assigned
[2026-04-15 11:40:29] ===== CRON COMPLETED SUCCESSFULLY =====
[2026-04-15 11:43:46] ===== CRON STARTED =====
[2026-04-15 11:43:46] Processing Daily Cashback...
[2026-04-15 11:43:46] Daily Cashback Done
[2026-04-15 11:43:46] Processing Bonus 1...
[2026-04-15 11:43:46] Bonus 1 Done
[2026-04-15 11:43:46] Processing Bonus 2...
[2026-04-15 11:43:46] Bonus 2 Done
[2026-04-15 11:43:46] Processing Joining Bonus...
[2026-04-15 11:43:46] Joining Bonus Done
[2026-04-15 11:43:46] Assigning Badges...
[2026-04-15 11:43:46] Badges Assigned
[2026-04-15 11:43:46] ===== CRON COMPLETED SUCCESSFULLY =====
[2026-04-15 11:43:50] ===== CRON STARTED =====
[2026-04-15 11:43:50] Processing Daily Cashback...
[2026-04-15 11:43:50] Daily Cashback Done
[2026-04-15 11:43:50] Processing Bonus 1...
[2026-04-15 11:43:50] Bonus 1 Done
[2026-04-15 11:43:50] Processing Bonus 2...
[2026-04-15 11:43:50] Bonus 2 Done
[2026-04-15 11:43:50] Processing Joining Bonus...
[2026-04-15 11:43:50] Joining Bonus Done
[2026-04-15 11:43:50] Assigning Badges...
[2026-04-15 11:43:50] Badges Assigned
[2026-04-15 11:43:50] ===== CRON COMPLETED SUCCESSFULLY =====
[2026-04-15 12:08:30] ===== CRON STARTED =====
[2026-04-15 12:08:30] Processing Daily Cashback...
[2026-04-15 12:08:30] Daily Cashback Done
[2026-04-15 12:08:30] Processing Bonus 1...
[2026-04-15 12:08:30] Bonus 1 Done
[2026-04-15 12:08:30] Processing Bonus 2...
[2026-04-15 12:08:30] Bonus 2 Done
[2026-04-15 12:08:30] Processing Joining Bonus...
[2026-04-15 12:08:30] Joining Bonus Done
[2026-04-15 12:08:30] Assigning Badges...
[2026-04-15 12:08:30] Badges Assigned
[2026-04-15 12:08:30] ===== CRON COMPLETED SUCCESSFULLY =====
